<?xml version="1.0" encoding="UTF-8"?>
<!-- Generated by org.testng.reporters.JUnitReportReporter -->
<testsuite skipped="0" hostname="DESKTOP-BEHT2NG" name="com.bjit.tests.LoginPageTest" tests="1" failures="0" timestamp="4 Oct 2021 05:47:31 GMT" time="6.234" errors="0">
  <testcase name="test1" time="6.234" classname="com.bjit.tests.LoginPageTest"/>
</testsuite> <!-- com.bjit.tests.LoginPageTest -->
