<?xml version="1.0" encoding="UTF-8"?>
<!-- Generated by org.testng.reporters.JUnitReportReporter -->
<testsuite skipped="0" hostname="DESKTOP-BEHT2NG" name="com.test.ExtentReportsDemo" tests="1" failures="0" timestamp="13 Oct 2021 06:14:53 GMT" time="0.865" errors="0">
  <testcase name="test1" time="0.865" classname="com.test.ExtentReportsDemo"/>
</testsuite> <!-- com.test.ExtentReportsDemo -->
